<?xml version="1.0" encoding="UTF-8"?>
<robot generator="Robot 6.1.1 (Python 3.14.0 on win32)" generated="20251116 23:55:13.207" rpa="false" schemaversion="4">
<suite id="s1" name="Tests" source="C:\ohjelmointi\projects\koulu\TEKA3003\PalautusrepositoriTEKA3003\osa3\login-robot\src\tests">
<suite id="s1-s1" name="Login" source="C:\ohjelmointi\projects\koulu\TEKA3003\PalautusrepositoriTEKA3003\osa3\login-robot\src\tests\login.robot">
<test id="s1-s1-t1" name="Login With Correct Credentials" line="6">
<kw name="Create User And Input Login Command" type="SETUP">
<kw name="Create User" library="AppLibrary">
<arg>kalle</arg>
<arg>kalle123</arg>
<status status="PASS" starttime="20251116 23:55:13.298" endtime="20251116 23:55:13.298"/>
</kw>
<kw name="Input Login Command" library="resource">
<kw name="Input" library="AppLibrary">
<arg>login</arg>
<status status="PASS" starttime="20251116 23:55:13.299" endtime="20251116 23:55:13.299"/>
</kw>
<status status="PASS" starttime="20251116 23:55:13.298" endtime="20251116 23:55:13.299"/>
</kw>
<status status="PASS" starttime="20251116 23:55:13.297" endtime="20251116 23:55:13.299"/>
</kw>
<kw name="Input Credentials" library="resource">
<arg>kalle</arg>
<arg>kalle123</arg>
<kw name="Input" library="AppLibrary">
<arg>${username}</arg>
<status status="PASS" starttime="20251116 23:55:13.300" endtime="20251116 23:55:13.300"/>
</kw>
<kw name="Input" library="AppLibrary">
<arg>${password}</arg>
<status status="PASS" starttime="20251116 23:55:13.300" endtime="20251116 23:55:13.301"/>
</kw>
<kw name="Run Application" library="AppLibrary">
<status status="PASS" starttime="20251116 23:55:13.301" endtime="20251116 23:55:13.301"/>
</kw>
<status status="PASS" starttime="20251116 23:55:13.300" endtime="20251116 23:55:13.301"/>
</kw>
<kw name="Output Should Contain" library="AppLibrary">
<arg>Logged in</arg>
<status status="PASS" starttime="20251116 23:55:13.301" endtime="20251116 23:55:13.301"/>
</kw>
<status status="PASS" starttime="20251116 23:55:13.296" endtime="20251116 23:55:13.302"/>
</test>
<test id="s1-s1-t2" name="Login With Incorrect Password" line="10">
<kw name="Create User And Input Login Command" type="SETUP">
<kw name="Create User" library="AppLibrary">
<arg>kalle</arg>
<arg>kalle123</arg>
<status status="PASS" starttime="20251116 23:55:13.304" endtime="20251116 23:55:13.304"/>
</kw>
<kw name="Input Login Command" library="resource">
<kw name="Input" library="AppLibrary">
<arg>login</arg>
<status status="PASS" starttime="20251116 23:55:13.304" endtime="20251116 23:55:13.304"/>
</kw>
<status status="PASS" starttime="20251116 23:55:13.304" endtime="20251116 23:55:13.304"/>
</kw>
<status status="PASS" starttime="20251116 23:55:13.303" endtime="20251116 23:55:13.304"/>
</kw>
<kw name="Input Credentials" library="resource">
<arg>kalle</arg>
<arg>eikalle456</arg>
<kw name="Input" library="AppLibrary">
<arg>${username}</arg>
<status status="PASS" starttime="20251116 23:55:13.305" endtime="20251116 23:55:13.305"/>
</kw>
<kw name="Input" library="AppLibrary">
<arg>${password}</arg>
<status status="PASS" starttime="20251116 23:55:13.305" endtime="20251116 23:55:13.305"/>
</kw>
<kw name="Run Application" library="AppLibrary">
<status status="PASS" starttime="20251116 23:55:13.305" endtime="20251116 23:55:13.305"/>
</kw>
<status status="PASS" starttime="20251116 23:55:13.305" endtime="20251116 23:55:13.305"/>
</kw>
<kw name="Output Should Contain" library="AppLibrary">
<arg>Invalid username or password</arg>
<status status="PASS" starttime="20251116 23:55:13.306" endtime="20251116 23:55:13.306"/>
</kw>
<status status="PASS" starttime="20251116 23:55:13.303" endtime="20251116 23:55:13.306"/>
</test>
<test id="s1-s1-t3" name="Login With Nonexistent Username" line="14">
<kw name="Create User And Input Login Command" type="SETUP">
<kw name="Create User" library="AppLibrary">
<arg>kalle</arg>
<arg>kalle123</arg>
<status status="PASS" starttime="20251116 23:55:13.308" endtime="20251116 23:55:13.308"/>
</kw>
<kw name="Input Login Command" library="resource">
<kw name="Input" library="AppLibrary">
<arg>login</arg>
<status status="PASS" starttime="20251116 23:55:13.308" endtime="20251116 23:55:13.308"/>
</kw>
<status status="PASS" starttime="20251116 23:55:13.308" endtime="20251116 23:55:13.308"/>
</kw>
<status status="PASS" starttime="20251116 23:55:13.308" endtime="20251116 23:55:13.308"/>
</kw>
<kw name="Input Credentials" library="resource">
<arg>eikalle</arg>
<arg>eikalle456</arg>
<kw name="Input" library="AppLibrary">
<arg>${username}</arg>
<status status="PASS" starttime="20251116 23:55:13.309" endtime="20251116 23:55:13.309"/>
</kw>
<kw name="Input" library="AppLibrary">
<arg>${password}</arg>
<status status="PASS" starttime="20251116 23:55:13.309" endtime="20251116 23:55:13.309"/>
</kw>
<kw name="Run Application" library="AppLibrary">
<status status="PASS" starttime="20251116 23:55:13.309" endtime="20251116 23:55:13.309"/>
</kw>
<status status="PASS" starttime="20251116 23:55:13.309" endtime="20251116 23:55:13.309"/>
</kw>
<kw name="Output Should Contain" library="AppLibrary">
<arg>Invalid username or password</arg>
<status status="PASS" starttime="20251116 23:55:13.310" endtime="20251116 23:55:13.310"/>
</kw>
<status status="PASS" starttime="20251116 23:55:13.307" endtime="20251116 23:55:13.310"/>
</test>
<status status="PASS" starttime="20251116 23:55:13.255" endtime="20251116 23:55:13.311"/>
</suite>
<suite id="s1-s2" name="Register" source="C:\ohjelmointi\projects\koulu\TEKA3003\PalautusrepositoriTEKA3003\osa3\login-robot\src\tests\register.robot">
<test id="s1-s2-t1" name="Register With Valid Username And Password" line="6">
<kw name="Input New Command And Create User">
<kw name="Input New Command" library="resource">
<kw name="Input" library="AppLibrary">
<arg>new</arg>
<status status="PASS" starttime="20251116 23:55:13.317" endtime="20251116 23:55:13.317"/>
</kw>
<status status="PASS" starttime="20251116 23:55:13.317" endtime="20251116 23:55:13.318"/>
</kw>
<kw name="Create User" library="AppLibrary">
<arg>jounas</arg>
<arg>jounas456</arg>
<status status="PASS" starttime="20251116 23:55:13.318" endtime="20251116 23:55:13.318"/>
</kw>
<status status="PASS" starttime="20251116 23:55:13.317" endtime="20251116 23:55:13.318"/>
</kw>
<kw name="Validate User" library="AppLibrary">
<arg>jounas</arg>
<arg>jounas456</arg>
<status status="PASS" starttime="20251116 23:55:13.318" endtime="20251116 23:55:13.318"/>
</kw>
<status status="PASS" starttime="20251116 23:55:13.316" endtime="20251116 23:55:13.319"/>
</test>
<test id="s1-s2-t2" name="Register With Already Taken Username And Valid Password" line="11">
<kw name="Input New Command" library="resource">
<kw name="Input" library="AppLibrary">
<arg>new</arg>
<status status="PASS" starttime="20251116 23:55:13.320" endtime="20251116 23:55:13.320"/>
</kw>
<status status="PASS" starttime="20251116 23:55:13.320" endtime="20251116 23:55:13.320"/>
</kw>
<kw name="Create User" library="AppLibrary">
<arg>jounas</arg>
<arg>jounas456</arg>
<status status="PASS" starttime="20251116 23:55:13.321" endtime="20251116 23:55:13.321"/>
</kw>
<kw name="Run Keyword And Expect Error" library="BuiltIn">
<arg>User with username jounas already exists</arg>
<arg>Create User</arg>
<arg>jounas</arg>
<arg>joopajaapa456</arg>
<doc>Runs the keyword and checks that the expected error occurred.</doc>
<kw name="Create User" library="AppLibrary">
<arg>jounas</arg>
<arg>joopajaapa456</arg>
<msg timestamp="20251116 23:55:13.322" level="FAIL">User with username jounas already exists</msg>
<status status="FAIL" starttime="20251116 23:55:13.322" endtime="20251116 23:55:13.325"/>
</kw>
<status status="PASS" starttime="20251116 23:55:13.321" endtime="20251116 23:55:13.326"/>
</kw>
<status status="PASS" starttime="20251116 23:55:13.320" endtime="20251116 23:55:13.326"/>
</test>
<test id="s1-s2-t3" name="Register With Too Short Username And Valid Password" line="16">
<kw name="Input New Command" library="resource">
<kw name="Input" library="AppLibrary">
<arg>new</arg>
<status status="PASS" starttime="20251116 23:55:13.328" endtime="20251116 23:55:13.328"/>
</kw>
<status status="PASS" starttime="20251116 23:55:13.328" endtime="20251116 23:55:13.328"/>
</kw>
<kw name="Run Keyword And Expect Error" library="BuiltIn">
<arg>AuthenticationError: Username must be at least 3 characters long</arg>
<arg>Create User</arg>
<arg>jo</arg>
<arg>jounas456</arg>
<doc>Runs the keyword and checks that the expected error occurred.</doc>
<kw name="Create User" library="AppLibrary">
<arg>jo</arg>
<arg>jounas456</arg>
<msg timestamp="20251116 23:55:13.329" level="FAIL">AuthenticationError: Username must be at least 3 characters long</msg>
<status status="FAIL" starttime="20251116 23:55:13.329" endtime="20251116 23:55:13.331"/>
</kw>
<status status="PASS" starttime="20251116 23:55:13.329" endtime="20251116 23:55:13.331"/>
</kw>
<status status="PASS" starttime="20251116 23:55:13.327" endtime="20251116 23:55:13.332"/>
</test>
<test id="s1-s2-t4" name="Register With Enough Long But Invalid Username And Valid Password" line="20">
<kw name="Input New Command" library="resource">
<kw name="Input" library="AppLibrary">
<arg>new</arg>
<status status="PASS" starttime="20251116 23:55:13.334" endtime="20251116 23:55:13.334"/>
</kw>
<status status="PASS" starttime="20251116 23:55:13.333" endtime="20251116 23:55:13.334"/>
</kw>
<kw name="Run Keyword And Expect Error" library="BuiltIn">
<arg>AuthenticationError: Username must contain only lowercase letters</arg>
<arg>Create User</arg>
<arg>jou3nas</arg>
<arg>jounas456</arg>
<doc>Runs the keyword and checks that the expected error occurred.</doc>
<kw name="Create User" library="AppLibrary">
<arg>jou3nas</arg>
<arg>jounas456</arg>
<msg timestamp="20251116 23:55:13.335" level="FAIL">AuthenticationError: Username must contain only lowercase letters</msg>
<status status="FAIL" starttime="20251116 23:55:13.335" endtime="20251116 23:55:13.336"/>
</kw>
<status status="PASS" starttime="20251116 23:55:13.334" endtime="20251116 23:55:13.336"/>
</kw>
<status status="PASS" starttime="20251116 23:55:13.332" endtime="20251116 23:55:13.336"/>
</test>
<test id="s1-s2-t5" name="Register With Valid Username And Too Short Password" line="24">
<kw name="Input New Command" library="resource">
<kw name="Input" library="AppLibrary">
<arg>new</arg>
<status status="PASS" starttime="20251116 23:55:13.338" endtime="20251116 23:55:13.338"/>
</kw>
<status status="PASS" starttime="20251116 23:55:13.338" endtime="20251116 23:55:13.338"/>
</kw>
<kw name="Run Keyword And Expect Error" library="BuiltIn">
<arg>AuthenticationError: Password must be at least 8 characters long</arg>
<arg>Create User</arg>
<arg>jounas</arg>
<arg>jou456</arg>
<doc>Runs the keyword and checks that the expected error occurred.</doc>
<kw name="Create User" library="AppLibrary">
<arg>jounas</arg>
<arg>jou456</arg>
<msg timestamp="20251116 23:55:13.339" level="FAIL">AuthenticationError: Password must be at least 8 characters long</msg>
<status status="FAIL" starttime="20251116 23:55:13.339" endtime="20251116 23:55:13.340"/>
</kw>
<status status="PASS" starttime="20251116 23:55:13.338" endtime="20251116 23:55:13.340"/>
</kw>
<status status="PASS" starttime="20251116 23:55:13.337" endtime="20251116 23:55:13.340"/>
</test>
<test id="s1-s2-t6" name="Register With Valid Username And Long Enough Password Containing Only Letters" line="28">
<kw name="Input New Command" library="resource">
<kw name="Input" library="AppLibrary">
<arg>new</arg>
<status status="PASS" starttime="20251116 23:55:13.341" endtime="20251116 23:55:13.342"/>
</kw>
<status status="PASS" starttime="20251116 23:55:13.341" endtime="20251116 23:55:13.342"/>
</kw>
<kw name="Run Keyword And Expect Error" library="BuiltIn">
<arg>AuthenticationError: Password must contain at least one non-letter character</arg>
<arg>Create User</arg>
<arg>jounas</arg>
<arg>jounaspassword</arg>
<doc>Runs the keyword and checks that the expected error occurred.</doc>
<kw name="Create User" library="AppLibrary">
<arg>jounas</arg>
<arg>jounaspassword</arg>
<msg timestamp="20251116 23:55:13.342" level="FAIL">AuthenticationError: Password must contain at least one non-letter character</msg>
<status status="FAIL" starttime="20251116 23:55:13.342" endtime="20251116 23:55:13.343"/>
</kw>
<status status="PASS" starttime="20251116 23:55:13.342" endtime="20251116 23:55:13.343"/>
</kw>
<status status="PASS" starttime="20251116 23:55:13.341" endtime="20251116 23:55:13.344"/>
</test>
<status status="PASS" starttime="20251116 23:55:13.312" endtime="20251116 23:55:13.344"/>
</suite>
<status status="PASS" starttime="20251116 23:55:13.209" endtime="20251116 23:55:13.346"/>
</suite>
<statistics>
<total>
<stat pass="9" fail="0" skip="0">All Tests</stat>
</total>
<tag>
</tag>
<suite>
<stat pass="9" fail="0" skip="0" id="s1" name="Tests">Tests</stat>
<stat pass="3" fail="0" skip="0" id="s1-s1" name="Login">Tests.Login</stat>
<stat pass="6" fail="0" skip="0" id="s1-s2" name="Register">Tests.Register</stat>
</suite>
</statistics>
<errors>
</errors>
</robot>
